 ⚠ Fast Refresh had to perform a full reload due to a runtime error.
 ⚠ Fast Refresh had to perform a full reload due to a runtime error.
 ⨯ Error: ENOENT: no such file or directory, open 'C:\Users\usuario\Documents\PagwebWcam\apps\web\.next\server\app\catalogo\[productId]\page.js'
    at Object.readFileUtf8 (c:\Users\usuario\.vscode\extensions\wallabyjs.console-ninja-1.0.535\out\buildHook\index.js:1:3591933) {
  errno: -4058,
  code: 'ENOENT',
  syscall: 'open',
  path: 'C:\\Users\\usuario\\Documents\\PagwebWcam\\apps\\web\\.next\\server\\app\\catalogo\\[productId]\\page.js',
  page: '/catalogo/10123'
}
 ⨯ Error: ENOENT: no such file or directory, open 'C:\Users\usuario\Documents\PagwebWcam\apps\web\.next\server\app\catalogo\[productId]\page.js'
    at Object.readFileUtf8 (c:\Users\usuario\.vscode\extensions\wallabyjs.console-ninja-1.0.535\out\buildHook\index.js:1:3591933) {
  errno: -4058,
  code: 'ENOENT',
  syscall: 'open',
  path: 'C:\\Users\\usuario\\Documents\\PagwebWcam\\apps\\web\\.next\\server\\app\\catalogo\\[productId]\\page.js',
  page: '/catalogo/10079'
}
 ⨯ Error: ENOENT: no such file or directory, open 'C:\Users\usuario\Documents\PagwebWcam\apps\web\.next\routes-manifest.json'
    at Object.readFileUtf8 (c:\Users\usuario\.vscode\extensions\wallabyjs.console-ninja-1.0.535\out\buildHook\index.js:1:3591933) {
  errno: -4058,
  code: 'ENOENT',
  syscall: 'open',
  path: 'C:\\Users\\usuario\\Documents\\PagwebWcam\\apps\\web\\.next\\routes-manifest.json'
}
 ⨯ Error: ENOENT: no such file or directory, open 'C:\Users\usuario\Documents\PagwebWcam\apps\web\.next\routes-manifest.json'
    at Object.readFileUtf8 (c:\Users\usuario\.vscode\extensions\wallabyjs.console-ninja-1.0.535\out\buildHook\index.js:1:3591933) {
  errno: -4058,
  code: 'ENOENT',
  syscall: 'open',
  path: 'C:\\Users\\usuario\\Documents\\PagwebWcam\\apps\\web\\.next\\routes-manifest.json'
}
Error: ENOENT: no such file or directory, open 'C:\Users\usuario\Documents\PagwebWcam\apps\web\.next\server\app\catalogo\[productId]\page.js'
    at Object.readFileUtf8 (c:\Users\usuario\.vscode\extensions\wallabyjs.console-ninja-1.0.535\out\buildHook\index.js:1:3591933) {
  errno: -4058,
  code: 'ENOENT',
  syscall: 'open',
  path: 'C:\\Users\\usuario\\Documents\\PagwebWcam\\apps\\web\\.next\\server\\app\\catalogo\\[productId]\\page.js',
  page: '/catalogo/10123'
}
Error: ENOENT: no such file or directory, open 'C:\Users\usuario\Documents\PagwebWcam\apps\web\.next\server\app\catalogo\[productId]\page.js'
    at Object.readFileUtf8 (c:\Users\usuario\.vscode\extensions\wallabyjs.console-ninja-1.0.535\out\buildHook\index.js:1:3591933) {
  errno: -4058,
  code: 'ENOENT',
  syscall: 'open',
  path: 'C:\\Users\\usuario\\Documents\\PagwebWcam\\apps\\web\\.next\\server\\app\\catalogo\\[productId]\\page.js',
  page: '/catalogo/10079'
}
 ⨯ Error: ENOENT: no such file or directory, open 'C:\Users\usuario\Documents\PagwebWcam\apps\web\.next\routes-manifest.json'
    at Object.readFileUtf8 (c:\Users\usuario\.vscode\extensions\wallabyjs.console-ninja-1.0.535\out\buildHook\index.js:1:3591933) {
  errno: -4058,
  code: 'ENOENT',
  syscall: 'open',
  path: 'C:\\Users\\usuario\\Documents\\PagwebWcam\\apps\\web\\.next\\routes-manifest.json'
}
 ⨯ Error: ENOENT: no such file or directory, open 'C:\Users\usuario\Documents\PagwebWcam\apps\web\.next\routes-manifest.json'
    at Object.readFileUtf8 (c:\Users\usuario\.vscode\extensions\wallabyjs.console-ninja-1.0.535\out\buildHook\index.js:1:3591933) {
  errno: -4058,
  code: 'ENOENT',
  syscall: 'open',
  path: 'C:\\Users\\usuario\\Documents\\PagwebWcam\\apps\\web\\.next\\routes-manifest.json'
}
Error: ENOENT: no such file or directory, open 'C:\Users\usuario\Documents\PagwebWcam\apps\web\.next\routes-manifest.json'
    at Object.readFileUtf8 (c:\Users\usuario\.vscode\extensions\wallabyjs.console-ninja-1.0.535\out\buildHook\index.js:1:3591933) {
  errno: -4058,
  code: 'ENOENT',
  syscall: 'open',
  path: 'C:\\Users\\usuario\\Documents\\PagwebWcam\\apps\\web\\.next\\routes-manifest.json'
}
Error: ENOENT: no such file or directory, open 'C:\Users\usuario\Documents\PagwebWcam\apps\web\.next\routes-manifest.json'
    at Object.readFileUtf8 (c:\Users\usuario\.vscode\extensions\wallabyjs.console-ninja-1.0.535\out\buildHook\index.js:1:3591933) {
  errno: -4058,
  code: 'ENOENT',
  syscall: 'open',
  path: 'C:\\Users\\usuario\\Documents\\PagwebWcam\\apps\\web\\.next\\routes-manifest.json'
}
 ⨯ Error: ENOENT: no such file or directory, open 'C:\Users\usuario\Documents\PagwebWcam\apps\web\.next\routes-manifest.json'
    at Object.readFileUtf8 (c:\Users\usuario\.vscode\extensions\wallabyjs.console-ninja-1.0.535\out\buildHook\index.js:1:3591933) {
  errno: -4058,
  code: 'ENOENT',
  syscall: 'open',
  path: 'C:\\Users\\usuario\\Documents\\PagwebWcam\\apps\\web\\.next\\routes-manifest.json',
  page: '/catalogo/10079'
}
 ⨯ Error: ENOENT: no such file or directory, open 'C:\Users\usuario\Documents\PagwebWcam\apps\web\.next\routes-manifest.json'
    at Object.readFileUtf8 (c:\Users\usuario\.vscode\extensions\wallabyjs.console-ninja-1.0.535\out\buildHook\index.js:1:3591933) {
  errno: -4058,
  code: 'ENOENT',
  syscall: 'open',
  path: 'C:\\Users\\usuario\\Documents\\PagwebWcam\\apps\\web\\.next\\routes-manifest.json',
  page: '/catalogo/10123'
}
 ⨯ Error: ENOENT: no such file or directory, open 'C:\Users\usuario\Documents\PagwebWcam\apps\web\.next\routes-manifest.json'
    at Object.readFileUtf8 (c:\Users\usuario\.vscode\extensions\wallabyjs.console-ninja-1.0.535\out\buildHook\index.js:1:3591933) {
  errno: -4058,
  code: 'ENOENT',
  syscall: 'open',
  path: 'C:\\Users\\usuario\\Documents\\PagwebWcam\\apps\\web\\.next\\routes-manifest.json'
}
 ⨯ Error: ENOENT: no such file or directory, open 'C:\Users\usuario\Documents\PagwebWcam\apps\web\.next\routes-manifest.json'
    at Object.readFileUtf8 (c:\Users\usuario\.vscode\extensions\wallabyjs.console-ninja-1.0.535\out\buildHook\index.js:1:3591933) {
  errno: -4058,
  code: 'ENOENT',
  syscall: 'open',
  path: 'C:\\Users\\usuario\\Documents\\PagwebWcam\\apps\\web\\.next\\routes-manifest.json'
}
Error: ENOENT: no such file or directory, open 'C:\Users\usuario\Documents\PagwebWcam\apps\web\.next\routes-manifest.json'
    at Object.readFileUtf8 (c:\Users\usuario\.vscode\extensions\wallabyjs.console-ninja-1.0.535\out\buildHook\index.js:1:3591933) {
  errno: -4058,
  code: 'ENOENT',
  syscall: 'open',
  path: 'C:\\Users\\usuario\\Documents\\PagwebWcam\\apps\\web\\.next\\routes-manifest.json',
  page: '/catalogo/10079'
}
Error: ENOENT: no such file or directory, open 'C:\Users\usuario\Documents\PagwebWcam\apps\web\.next\routes-manifest.json'
    at Object.readFileUtf8 (c:\Users\usuario\.vscode\extensions\wallabyjs.console-ninja-1.0.535\out\buildHook\index.js:1:3591933) {
  errno: -4058,
  code: 'ENOENT',
  syscall: 'open',
  path: 'C:\\Users\\usuario\\Documents\\PagwebWcam\\apps\\web\\.next\\routes-manifest.json',
  page: '/catalogo/10123'
}
 ⨯ Error: ENOENT: no such file or directory, open 'C:\Users\usuario\Documents\PagwebWcam\apps\web\.next\routes-manifest.json'
    at Object.readFileUtf8 (c:\Users\usuario\.vscode\extensions\wallabyjs.console-ninja-1.0.535\out\buildHook\index.js:1:3591933) {
  errno: -4058,
  code: 'ENOENT',
  syscall: 'open',
  path: 'C:\\Users\\usuario\\Documents\\PagwebWcam\\apps\\web\\.next\\routes-manifest.json'
}
 ⨯ Error: ENOENT: no such file or directory, open 'C:\Users\usuario\Documents\PagwebWcam\apps\web\.next\routes-manifest.json'
    at Object.readFileUtf8 (c:\Users\usuario\.vscode\extensions\wallabyjs.console-ninja-1.0.535\out\buildHook\index.js:1:3591933) {
  errno: -4058,
  code: 'ENOENT',
  syscall: 'open',
  path: 'C:\\Users\\usuario\\Documents\\PagwebWcam\\apps\\web\\.next\\routes-manifest.json'
}
Error: ENOENT: no such file or directory, open 'C:\Users\usuario\Documents\PagwebWcam\apps\web\.next\routes-manifest.json'
    at Object.readFileUtf8 (c:\Users\usuario\.vscode\extensions\wallabyjs.console-ninja-1.0.535\out\buildHook\index.js:1:3591933) {
  errno: -4058,
  code: 'ENOENT',
  syscall: 'open',
  path: 'C:\\Users\\usuario\\Documents\\PagwebWcam\\apps\\web\\.next\\routes-manifest.json'
}
Error: ENOENT: no such file or directory, open 'C:\Users\usuario\Documents\PagwebWcam\apps\web\.next\routes-manifest.json'
    at Object.readFileUtf8 (c:\Users\usuario\.vscode\extensions\wallabyjs.console-ninja-1.0.535\out\buildHook\index.js:1:3591933) {
  errno: -4058,
  code: 'ENOENT',
  syscall: 'open',
  path: 'C:\\Users\\usuario\\Documents\\PagwebWcam\\apps\\web\\.next\\routes-manifest.json'
}
 ⨯ Error: ENOENT: no such file or directory, open 'C:\Users\usuario\Documents\PagwebWcam\apps\web\.next\routes-manifest.json'
    at Object.readFileUtf8 (c:\Users\usuario\.vscode\extensions\wallabyjs.console-ninja-1.0.535\out\buildHook\index.js:1:3591933) {
  errno: -4058,
  code: 'ENOENT',
  syscall: 'open',
  path: 'C:\\Users\\usuario\\Documents\\PagwebWcam\\apps\\web\\.next\\routes-manifest.json',
  page: '/catalogo/10079'
}
 ⨯ Error: ENOENT: no such file or directory, open 'C:\Users\usuario\Documents\PagwebWcam\apps\web\.next\routes-manifest.json'
    at Object.readFileUtf8 (c:\Users\usuario\.vscode\extensions\wallabyjs.console-ninja-1.0.535\out\buildHook\index.js:1:3591933) {
  errno: -4058,
  code: 'ENOENT',
  syscall: 'open',
  path: 'C:\\Users\\usuario\\Documents\\PagwebWcam\\apps\\web\\.next\\routes-manifest.json',
  page: '/catalogo/10123'
}
 ⨯ Error: ENOENT: no such file or directory, open 'C:\Users\usuario\Documents\PagwebWcam\apps\web\.next\routes-manifest.json'
    at Object.readFileUtf8 (c:\Users\usuario\.vscode\extensions\wallabyjs.console-ninja-1.0.535\out\buildHook\index.js:1:3591933) {
  errno: -4058,
  code: 'ENOENT',
  syscall: 'open',
  path: 'C:\\Users\\usuario\\Documents\\PagwebWcam\\apps\\web\\.next\\routes-manifest.json'
}
Error: ENOENT: no such file or directory, open 'C:\Users\usuario\Documents\PagwebWcam\apps\web\.next\routes-manifest.json'
    at Object.readFileUtf8 (c:\Users\usuario\.vscode\extensions\wallabyjs.console-ninja-1.0.535\out\buildHook\index.js:1:3591933) {
  errno: -4058,
  code: 'ENOENT',
  syscall: 'open',
  path: 'C:\\Users\\usuario\\Documents\\PagwebWcam\\apps\\web\\.next\\routes-manifest.json',
  page: '/catalogo/10079'
}
 ⨯ Error: ENOENT: no such file or directory, open 'C:\Users\usuario\Documents\PagwebWcam\apps\web\.next\routes-manifest.json'
    at Object.readFileUtf8 (c:\Users\usuario\.vscode\extensions\wallabyjs.console-ninja-1.0.535\out\buildHook\index.js:1:3591933) {
  errno: -4058,
  code: 'ENOENT',
  syscall: 'open',
  path: 'C:\\Users\\usuario\\Documents\\PagwebWcam\\apps\\web\\.next\\routes-manifest.json'
}
 ⨯ Failed to generate static paths for /catalogo/[productId]:
[Error: Cannot find module './vendor-chunks/react-icons.js'
Require stack:
- C:\Users\usuario\Documents\PagwebWcam\apps\web\.next\server\webpack-runtime.js
- C:\Users\usuario\Documents\PagwebWcam\apps\web\.next\server\app\catalogo\[productId]\page.js
- C:\Users\usuario\Documents\PagwebWcam\node_modules\next\dist\server\require.js
- C:\Users\usuario\Documents\PagwebWcam\node_modules\next\dist\server\load-components.js
- C:\Users\usuario\Documents\PagwebWcam\node_modules\next\dist\build\utils.js
- C:\Users\usuario\Documents\PagwebWcam\node_modules\next\dist\server\dev\static-paths-worker.js
- C:\Users\usuario\Documents\PagwebWcam\node_modules\next\dist\compiled\jest-worker\processChild.js] {
  type: 'Error',
  code: 'MODULE_NOT_FOUND',
  requireStack: [Array]
}
 ⨯ Failed to generate static paths for /catalogo/[productId]:
[Error: Cannot find module './vendor-chunks/react-icons.js'
Require stack:
- C:\Users\usuario\Documents\PagwebWcam\apps\web\.next\server\webpack-runtime.js
- C:\Users\usuario\Documents\PagwebWcam\apps\web\.next\server\app\catalogo\[productId]\page.js
- C:\Users\usuario\Documents\PagwebWcam\node_modules\next\dist\server\require.js
- C:\Users\usuario\Documents\PagwebWcam\node_modules\next\dist\server\load-components.js
- C:\Users\usuario\Documents\PagwebWcam\node_modules\next\dist\build\utils.js
- C:\Users\usuario\Documents\PagwebWcam\node_modules\next\dist\server\dev\static-paths-worker.js
- C:\Users\usuario\Documents\PagwebWcam\node_modules\next\dist\compiled\jest-worker\processChild.js] {
  type: 'Error',
  code: 'MODULE_NOT_FOUND',
  requireStack: [Array]
}
 ⨯ Failed to generate static paths for /catalogo/[productId]:
[Error: Cannot find module './vendor-chunks/react-icons.js'
Require stack:
- C:\Users\usuario\Documents\PagwebWcam\apps\web\.next\server\webpack-runtime.js
- C:\Users\usuario\Documents\PagwebWcam\apps\web\.next\server\app\catalogo\[productId]\page.js
- C:\Users\usuario\Documents\PagwebWcam\node_modules\next\dist\server\require.js
- C:\Users\usuario\Documents\PagwebWcam\node_modules\next\dist\server\load-components.js
- C:\Users\usuario\Documents\PagwebWcam\node_modules\next\dist\build\utils.js
- C:\Users\usuario\Documents\PagwebWcam\node_modules\next\dist\server\dev\static-paths-worker.js
- C:\Users\usuario\Documents\PagwebWcam\node_modules\next\dist\compiled\jest-worker\processChild.js] {
  type: 'Error',
  code: 'MODULE_NOT_FOUND',
  requireStack: [Array]
}
 ⨯ Failed to generate static paths for /catalogo/[productId]:
[Error: Cannot find module './vendor-chunks/react-icons.js'
Require stack:
- C:\Users\usuario\Documents\PagwebWcam\apps\web\.next\server\webpack-runtime.js
- C:\Users\usuario\Documents\PagwebWcam\apps\web\.next\server\app\catalogo\[productId]\page.js
- C:\Users\usuario\Documents\PagwebWcam\node_modules\next\dist\server\require.js
- C:\Users\usuario\Documents\PagwebWcam\node_modules\next\dist\server\load-components.js
- C:\Users\usuario\Documents\PagwebWcam\node_modules\next\dist\build\utils.js
- C:\Users\usuario\Documents\PagwebWcam\node_modules\next\dist\server\dev\static-paths-worker.js
- C:\Users\usuario\Documents\PagwebWcam\node_modules\next\dist\compiled\jest-worker\processChild.js] {
  type: 'Error',
  code: 'MODULE_NOT_FOUND',
  requireStack: [Array]
}
Error: ENOENT: no such file or directory, open 'C:\Users\usuario\Documents\PagwebWcam\apps\web\.next\routes-manifest.json'
    at Object.readFileUtf8 (c:\Users\usuario\.vscode\extensions\wallabyjs.console-ninja-1.0.535\out\buildHook\index.js:1:3591933) {
  errno: -4058,
  code: 'ENOENT',
  syscall: 'open',
  path: 'C:\\Users\\usuario\\Documents\\PagwebWcam\\apps\\web\\.next\\routes-manifest.json',
  page: '/catalogo/10123'
}
 ⨯ Error: ENOENT: no such file or directory, open 'C:\Users\usuario\Documents\PagwebWcam\apps\web\.next\routes-manifest.json'
    at Object.readFileUtf8 (c:\Users\usuario\.vscode\extensions\wallabyjs.console-ninja-1.0.535\out\buildHook\index.js:1:3591933) {
  errno: -4058,
  code: 'ENOENT',
  syscall: 'open',
  path: 'C:\\Users\\usuario\\Documents\\PagwebWcam\\apps\\web\\.next\\routes-manifest.json'
}
Error: ENOENT: no such file or directory, open 'C:\Users\usuario\Documents\PagwebWcam\apps\web\.next\routes-manifest.json'
    at Object.readFileUtf8 (c:\Users\usuario\.vscode\extensions\wallabyjs.console-ninja-1.0.535\out\buildHook\index.js:1:3591933) {
  errno: -4058,
  code: 'ENOENT',
  syscall: 'open',
  path: 'C:\\Users\\usuario\\Documents\\PagwebWcam\\apps\\web\\.next\\routes-manifest.json'
}
 ⨯ Error: ENOENT: no such file or directory, open 'C:\Users\usuario\Documents\PagwebWcam\apps\web\.next\routes-manifest.json'
    at Object.readFileUtf8 (c:\Users\usuario\.vscode\extensions\wallabyjs.console-ninja-1.0.535\out\buildHook\index.js:1:3591933) {
  errno: -4058,
  code: 'ENOENT',
  syscall: 'open',
  path: 'C:\\Users\\usuario\\Documents\\PagwebWcam\\apps\\web\\.next\\routes-manifest.json'
}
Error: ENOENT: no such file or directory, open 'C:\Users\usuario\Documents\PagwebWcam\apps\web\.next\routes-manifest.json'
    at Object.readFileUtf8 (c:\Users\usuario\.vscode\extensions\wallabyjs.console-ninja-1.0.535\out\buildHook\index.js:1:3591933) {
  errno: -4058,
  code: 'ENOENT',
  syscall: 'open',
  path: 'C:\\Users\\usuario\\Documents\\PagwebWcam\\apps\\web\\.next\\routes-manifest.json'
}
 ⨯ [Error: Cannot find module './vendor-chunks/react-icons.js'
Require stack:
- C:\Users\usuario\Documents\PagwebWcam\apps\web\.next\server\webpack-runtime.js
- C:\Users\usuario\Documents\PagwebWcam\apps\web\.next\server\app\catalogo\[productId]\page.js
- C:\Users\usuario\Documents\PagwebWcam\node_modules\next\dist\server\require.js
- C:\Users\usuario\Documents\PagwebWcam\node_modules\next\dist\server\load-components.js
- C:\Users\usuario\Documents\PagwebWcam\node_modules\next\dist\build\utils.js
- C:\Users\usuario\Documents\PagwebWcam\node_modules\next\dist\server\dev\static-paths-worker.js
- C:\Users\usuario\Documents\PagwebWcam\node_modules\next\dist\compiled\jest-worker\processChild.js] {
  type: 'Error',
  code: 'MODULE_NOT_FOUND',
  requireStack: [Array],
  page: '/catalogo/10079'
}
 ⨯ [Error: Cannot find module './vendor-chunks/react-icons.js'
Require stack:
- C:\Users\usuario\Documents\PagwebWcam\apps\web\.next\server\webpack-runtime.js
- C:\Users\usuario\Documents\PagwebWcam\apps\web\.next\server\app\catalogo\[productId]\page.js
- C:\Users\usuario\Documents\PagwebWcam\node_modules\next\dist\server\require.js
- C:\Users\usuario\Documents\PagwebWcam\node_modules\next\dist\server\load-components.js
- C:\Users\usuario\Documents\PagwebWcam\node_modules\next\dist\build\utils.js
- C:\Users\usuario\Documents\PagwebWcam\node_modules\next\dist\server\dev\static-paths-worker.js
- C:\Users\usuario\Documents\PagwebWcam\node_modules\next\dist\compiled\jest-worker\processChild.js] {
  type: 'Error',
  code: 'MODULE_NOT_FOUND',
  requireStack: [Array],
  page: '/catalogo/10079'
}
 ⨯ Error: ENOENT: no such file or directory, open 'C:\Users\usuario\Documents\PagwebWcam\apps\web\.next\routes-manifest.json'
    at Object.readFileUtf8 (c:\Users\usuario\.vscode\extensions\wallabyjs.console-ninja-1.0.535\out\buildHook\index.js:1:3591933) {
  errno: -4058,
  code: 'ENOENT',
  syscall: 'open',
  path: 'C:\\Users\\usuario\\Documents\\PagwebWcam\\apps\\web\\.next\\routes-manifest.json'
}
 ⨯ Error: ENOENT: no such file or directory, open 'C:\Users\usuario\Documents\PagwebWcam\apps\web\.next\routes-manifest.json'
    at Object.readFileUtf8 (c:\Users\usuario\.vscode\extensions\wallabyjs.console-ninja-1.0.535\out\buildHook\index.js:1:3591933) {
  errno: -4058,
  code: 'ENOENT',
  syscall: 'open',
  path: 'C:\\Users\\usuario\\Documents\\PagwebWcam\\apps\\web\\.next\\routes-manifest.json'
}
[Error: Cannot find module './vendor-chunks/react-icons.js'
Require stack:
- C:\Users\usuario\Documents\PagwebWcam\apps\web\.next\server\webpack-runtime.js
- C:\Users\usuario\Documents\PagwebWcam\apps\web\.next\server\app\catalogo\[productId]\page.js
- C:\Users\usuario\Documents\PagwebWcam\node_modules\next\dist\server\require.js
- C:\Users\usuario\Documents\PagwebWcam\node_modules\next\dist\server\load-components.js
- C:\Users\usuario\Documents\PagwebWcam\node_modules\next\dist\build\utils.js
- C:\Users\usuario\Documents\PagwebWcam\node_modules\next\dist\server\dev\static-paths-worker.js
- C:\Users\usuario\Documents\PagwebWcam\node_modules\next\dist\compiled\jest-worker\processChild.js] {
  type: 'Error',
  code: 'MODULE_NOT_FOUND',
  requireStack: [Array],
  page: '/catalogo/10079'
}
[Error: Cannot find module './vendor-chunks/react-icons.js'
Require stack:
- C:\Users\usuario\Documents\PagwebWcam\apps\web\.next\server\webpack-runtime.js
- C:\Users\usuario\Documents\PagwebWcam\apps\web\.next\server\app\catalogo\[productId]\page.js
- C:\Users\usuario\Documents\PagwebWcam\node_modules\next\dist\server\require.js
- C:\Users\usuario\Documents\PagwebWcam\node_modules\next\dist\server\load-components.js
- C:\Users\usuario\Documents\PagwebWcam\node_modules\next\dist\build\utils.js
- C:\Users\usuario\Documents\PagwebWcam\node_modules\next\dist\server\dev\static-paths-worker.js
- C:\Users\usuario\Documents\PagwebWcam\node_modules\next\dist\compiled\jest-worker\processChild.js] {
  type: 'Error',
  code: 'MODULE_NOT_FOUND',
  requireStack: [Array],
  page: '/catalogo/10079'
}
 ⨯ Error: ENOENT: no such file or directory, open 'C:\Users\usuario\Documents\PagwebWcam\apps\web\.next\routes-manifest.json'
    at Object.readFileUtf8 (c:\Users\usuario\.vscode\extensions\wallabyjs.console-ninja-1.0.535\out\buildHook\index.js:1:3591933) {
  errno: -4058,
  code: 'ENOENT',
  syscall: 'open',
  path: 'C:\\Users\\usuario\\Documents\\PagwebWcam\\apps\\web\\.next\\routes-manifest.json'
}
 ⨯ Error: ENOENT: no such file or directory, open 'C:\Users\usuario\Documents\PagwebWcam\apps\web\.next\routes-manifest.json'
    at Object.readFileUtf8 (c:\Users\usuario\.vscode\extensions\wallabyjs.console-ninja-1.0.535\out\buildHook\index.js:1:3591933) {
  errno: -4058,
  code: 'ENOENT',
  syscall: 'open',
  path: 'C:\\Users\\usuario\\Documents\\PagwebWcam\\apps\\web\\.next\\routes-manifest.json'
}
Error: ENOENT: no such file or directory, open 'C:\Users\usuario\Documents\PagwebWcam\apps\web\.next\routes-manifest.json'
    at Object.readFileUtf8 (c:\Users\usuario\.vscode\extensions\wallabyjs.console-ninja-1.0.535\out\buildHook\index.js:1:3591933) {
  errno: -4058,
  code: 'ENOENT',
  syscall: 'open',
  path: 'C:\\Users\\usuario\\Documents\\PagwebWcam\\apps\\web\\.next\\routes-manifest.json'
}
Error: ENOENT: no such file or directory, open 'C:\Users\usuario\Documents\PagwebWcam\apps\web\.next\routes-manifest.json'
    at Object.readFileUtf8 (c:\Users\usuario\.vscode\extensions\wallabyjs.console-ninja-1.0.535\out\buildHook\index.js:1:3591933) {
  errno: -4058,
  code: 'ENOENT',
  syscall: 'open',
  path: 'C:\\Users\\usuario\\Documents\\PagwebWcam\\apps\\web\\.next\\routes-manifest.json'
}
 ⨯ Error: ENOENT: no such file or directory, open 'C:\Users\usuario\Documents\PagwebWcam\apps\web\.next\routes-manifest.json'
    at Object.readFileUtf8 (c:\Users\usuario\.vscode\extensions\wallabyjs.console-ninja-1.0.535\out\buildHook\index.js:1:3591933) {
  errno: -4058,
  code: 'ENOENT',
  syscall: 'open',
  path: 'C:\\Users\\usuario\\Documents\\PagwebWcam\\apps\\web\\.next\\routes-manifest.json',
  page: '/'
}
 ⨯ Error: ENOENT: no such file or directory, open 'C:\Users\usuario\Documents\PagwebWcam\apps\web\.next\routes-manifest.json'
    at Object.readFileUtf8 (c:\Users\usuario\.vscode\extensions\wallabyjs.console-ninja-1.0.535\out\buildHook\index.js:1:3591933) {
  errno: -4058,
  code: 'ENOENT',
  syscall: 'open',
  path: 'C:\\Users\\usuario\\Documents\\PagwebWcam\\apps\\web\\.next\\routes-manifest.json'
}
Error: ENOENT: no such file or directory, open 'C:\Users\usuario\Documents\PagwebWcam\apps\web\.next\routes-manifest.json'
    at Object.readFileUtf8 (c:\Users\usuario\.vscode\extensions\wallabyjs.console-ninja-1.0.535\out\buildHook\index.js:1:3591933) {
  errno: -4058,
  code: 'ENOENT',
  syscall: 'open',
  path: 'C:\\Users\\usuario\\Documents\\PagwebWcam\\apps\\web\\.next\\routes-manifest.json',
  page: '/'
}
 ⨯ Error: ENOENT: no such file or directory, open 'C:\Users\usuario\Documents\PagwebWcam\apps\web\.next\routes-manifest.json'
    at Object.readFileUtf8 (c:\Users\usuario\.vscode\extensions\wallabyjs.console-ninja-1.0.535\out\buildHook\index.js:1:3591933) {
  errno: -4058,
  code: 'ENOENT',
  syscall: 'open',
  path: 'C:\\Users\\usuario\\Documents\\PagwebWcam\\apps\\web\\.next\\routes-manifest.json'
}
Error: ENOENT: no such file or directory, open 'C:\Users\usuario\Documents\PagwebWcam\apps\web\.next\routes-manifest.json'
    at Object.readFileUtf8 (c:\Users\usuario\.vscode\extensions\wallabyjs.console-ninja-1.0.535\out\buildHook\index.js:1:3591933) {
  errno: -4058,
  code: 'ENOENT',
  syscall: 'open',
  path: 'C:\\Users\\usuario\\Documents\\PagwebWcam\\apps\\web\\.next\\routes-manifest.json'
}
